<?xml version="1.0" encoding="UTF-8"?>
<!-- Generated by org.testng.reporters.JUnitReportReporter -->
<testsuite hostname="Asharulace" failures="0" tests="1" name="automation.StandAloneTestNGImpl" time="8.485" errors="0" timestamp="2025-03-07T21:42:00 WIB" skipped="0">
  <testcase classname="automation.StandAloneTestNGImpl" name="createOrder" time="8.485"/>
</testsuite> <!-- automation.StandAloneTestNGImpl -->
