<?xml version="1.0" encoding="UTF-8"?>
<!-- Generated by org.testng.reporters.JUnitReportReporter -->
<testsuite hostname="Asharulace" failures="0" tests="1" name="automation.StandAloneTestNGImpl" time="13.060" errors="0" timestamp="2025-03-07T21:50:03 WIB" skipped="0">
  <testcase classname="automation.StandAloneTestNGImpl" name="createOrder" time="13.060"/>
</testsuite> <!-- automation.StandAloneTestNGImpl -->
