<?xml version="1.0" encoding="UTF-8"?>
<!-- Generated by org.testng.reporters.JUnitReportReporter -->
<testsuite hostname="Asharulace" failures="0" tests="1" name="automation.StandAloneTestNGImplTest2" time="14.499" errors="0" timestamp="2025-03-08T14:41:20 WIB" skipped="0">
  <testcase classname="automation.StandAloneTestNGImplTest2" name="createOrder" time="14.499"/>
</testsuite> <!-- automation.StandAloneTestNGImplTest2 -->
